{
  "uid" : "29b008eef1a192b4",
  "name" : "meetings: next meeting",
  "fullName" : "features/calendar.feature:meetings: next meeting",
  "historyId" : "2a7faa12e1fe13351d182a832bc99c75",
  "time" : {
    "start" : 1608042231364,
    "stop" : 1608042233820,
    "duration" : 2456
  },
  "status" : "failed",
  "statusMessage" : "AssertionError\n",
  "statusTrace" : "  File \"c:\\users\\amol.bhandge\\videos\\api_integration\\cy17-tpace-integration-tests\\env\\lib\\site-packages\\behave\\model.py\", line 1329, in run\n    match.run(runner.context)\n  File \"c:\\users\\amol.bhandge\\videos\\api_integration\\cy17-tpace-integration-tests\\env\\lib\\site-packages\\behave\\matchers.py\", line 98, in run\n    self.func(context, *args, **kwargs)\n  File \"features\\steps\\ncs_steps.py\", line 44, in step_impl\n    assert text.lower() in dialog_text.lower()\n",
  "flaky" : false,
  "newFailed" : false,
  "beforeStages" : [ ],
  "testStage" : {
    "status" : "failed",
    "statusMessage" : "AssertionError\n",
    "statusTrace" : "  File \"c:\\users\\amol.bhandge\\videos\\api_integration\\cy17-tpace-integration-tests\\env\\lib\\site-packages\\behave\\model.py\", line 1329, in run\n    match.run(runner.context)\n  File \"c:\\users\\amol.bhandge\\videos\\api_integration\\cy17-tpace-integration-tests\\env\\lib\\site-packages\\behave\\matchers.py\", line 98, in run\n    self.func(context, *args, **kwargs)\n  File \"features\\steps\\ncs_steps.py\", line 44, in step_impl\n    assert text.lower() in dialog_text.lower()\n",
    "steps" : [ {
      "name" : "When the user asks \"What is my next meeting \"",
      "time" : {
        "start" : 1608042231365,
        "stop" : 1608042233769,
        "duration" : 2404
      },
      "status" : "passed",
      "steps" : [ ],
      "attachments" : [ ],
      "parameters" : [ ],
      "hasContent" : false,
      "stepsCount" : 0,
      "shouldDisplayMessage" : false,
      "attachmentsCount" : 0
    }, {
      "name" : "Then detected intent is \"Custom.Calendar_Search\"",
      "time" : {
        "start" : 1608042233769,
        "stop" : 1608042233808,
        "duration" : 39
      },
      "status" : "passed",
      "steps" : [ ],
      "attachments" : [ ],
      "parameters" : [ ],
      "hasContent" : false,
      "stepsCount" : 0,
      "shouldDisplayMessage" : false,
      "attachmentsCount" : 0
    }, {
      "name" : "And dialog text contains \"Your next meeting is Meeting 1\"",
      "time" : {
        "start" : 1608042233808,
        "stop" : 1608042233820,
        "duration" : 12
      },
      "status" : "failed",
      "statusMessage" : "AssertionError\n",
      "statusTrace" : "  File \"c:\\users\\amol.bhandge\\videos\\api_integration\\cy17-tpace-integration-tests\\env\\lib\\site-packages\\behave\\model.py\", line 1329, in run\n    match.run(runner.context)\n  File \"c:\\users\\amol.bhandge\\videos\\api_integration\\cy17-tpace-integration-tests\\env\\lib\\site-packages\\behave\\matchers.py\", line 98, in run\n    self.func(context, *args, **kwargs)\n  File \"features\\steps\\ncs_steps.py\", line 44, in step_impl\n    assert text.lower() in dialog_text.lower()\n",
      "steps" : [ ],
      "attachments" : [ ],
      "parameters" : [ ],
      "hasContent" : true,
      "stepsCount" : 0,
      "shouldDisplayMessage" : true,
      "attachmentsCount" : 0
    } ],
    "attachments" : [ ],
    "parameters" : [ ],
    "hasContent" : true,
    "stepsCount" : 3,
    "shouldDisplayMessage" : false,
    "attachmentsCount" : 0
  },
  "afterStages" : [ ],
  "labels" : [ {
    "name" : "severity",
    "value" : "normal"
  }, {
    "name" : "tag",
    "value" : "dialog"
  }, {
    "name" : "tag",
    "value" : "mock.phone"
  }, {
    "name" : "feature",
    "value" : "Axxessibility calendar and meetings"
  }, {
    "name" : "framework",
    "value" : "behave"
  }, {
    "name" : "language",
    "value" : "cpython3"
  }, {
    "name" : "resultFormat",
    "value" : "allure2"
  } ],
  "parameters" : [ ],
  "links" : [ ],
  "hidden" : false,
  "retry" : false,
  "extra" : {
    "severity" : "normal",
    "retries" : [ {
      "uid" : "20a390fed41a9045",
      "status" : "failed",
      "statusDetails" : "AssertionError\n",
      "time" : {
        "start" : 1607688653126,
        "stop" : 1607688656088,
        "duration" : 2962
      }
    } ],
    "categories" : [ {
      "name" : "Product defects",
      "matchedStatuses" : [ ],
      "flaky" : false
    } ],
    "tags" : [ "mock.phone", "dialog" ]
  },
  "source" : "29b008eef1a192b4.json",
  "parameterValues" : [ ]
}