{
  "uid" : "33d0cbf7e1cd5575",
  "name" : "call on whatsapp",
  "fullName" : "features/whatsapp.feature:call on whatsapp",
  "historyId" : "4ef8254a4baf8c0b312edbdf665a3fde",
  "time" : {
    "start" : 1608042284810,
    "stop" : 1608042287402,
    "duration" : 2592
  },
  "status" : "failed",
  "statusMessage" : "AssertionError\n",
  "statusTrace" : "  File \"c:\\users\\amol.bhandge\\videos\\api_integration\\cy17-tpace-integration-tests\\env\\lib\\site-packages\\behave\\model.py\", line 1329, in run\n    match.run(runner.context)\n  File \"c:\\users\\amol.bhandge\\videos\\api_integration\\cy17-tpace-integration-tests\\env\\lib\\site-packages\\behave\\matchers.py\", line 98, in run\n    self.func(context, *args, **kwargs)\n  File \"features\\steps\\ncs_steps.py\", line 44, in step_impl\n    assert text.lower() in dialog_text.lower()\n",
  "flaky" : false,
  "newFailed" : false,
  "beforeStages" : [ ],
  "testStage" : {
    "status" : "failed",
    "statusMessage" : "AssertionError\n",
    "statusTrace" : "  File \"c:\\users\\amol.bhandge\\videos\\api_integration\\cy17-tpace-integration-tests\\env\\lib\\site-packages\\behave\\model.py\", line 1329, in run\n    match.run(runner.context)\n  File \"c:\\users\\amol.bhandge\\videos\\api_integration\\cy17-tpace-integration-tests\\env\\lib\\site-packages\\behave\\matchers.py\", line 98, in run\n    self.func(context, *args, **kwargs)\n  File \"features\\steps\\ncs_steps.py\", line 44, in step_impl\n    assert text.lower() in dialog_text.lower()\n",
    "steps" : [ {
      "name" : "When the user asks \"call Trushal on whatsapp\"",
      "time" : {
        "start" : 1608042284813,
        "stop" : 1608042287353,
        "duration" : 2540
      },
      "status" : "passed",
      "steps" : [ ],
      "attachments" : [ ],
      "parameters" : [ ],
      "hasContent" : false,
      "stepsCount" : 0,
      "shouldDisplayMessage" : false,
      "attachmentsCount" : 0
    }, {
      "name" : "Then detected intent is \"Calling.Dial\"",
      "time" : {
        "start" : 1608042287353,
        "stop" : 1608042287385,
        "duration" : 32
      },
      "status" : "passed",
      "steps" : [ ],
      "attachments" : [ ],
      "parameters" : [ ],
      "hasContent" : false,
      "stepsCount" : 0,
      "shouldDisplayMessage" : false,
      "attachmentsCount" : 0
    }, {
      "name" : "Then dialog text contains \"Calling on WhatsApps\"",
      "time" : {
        "start" : 1608042287386,
        "stop" : 1608042287401,
        "duration" : 15
      },
      "status" : "failed",
      "statusMessage" : "AssertionError\n",
      "statusTrace" : "  File \"c:\\users\\amol.bhandge\\videos\\api_integration\\cy17-tpace-integration-tests\\env\\lib\\site-packages\\behave\\model.py\", line 1329, in run\n    match.run(runner.context)\n  File \"c:\\users\\amol.bhandge\\videos\\api_integration\\cy17-tpace-integration-tests\\env\\lib\\site-packages\\behave\\matchers.py\", line 98, in run\n    self.func(context, *args, **kwargs)\n  File \"features\\steps\\ncs_steps.py\", line 44, in step_impl\n    assert text.lower() in dialog_text.lower()\n",
      "steps" : [ ],
      "attachments" : [ ],
      "parameters" : [ ],
      "hasContent" : true,
      "stepsCount" : 0,
      "shouldDisplayMessage" : true,
      "attachmentsCount" : 0
    } ],
    "attachments" : [ ],
    "parameters" : [ ],
    "hasContent" : true,
    "stepsCount" : 3,
    "shouldDisplayMessage" : false,
    "attachmentsCount" : 0
  },
  "afterStages" : [ ],
  "labels" : [ {
    "name" : "severity",
    "value" : "normal"
  }, {
    "name" : "tag",
    "value" : "dialog"
  }, {
    "name" : "tag",
    "value" : "mock.phone"
  }, {
    "name" : "feature",
    "value" : "Axxessibility whatsapp"
  }, {
    "name" : "framework",
    "value" : "behave"
  }, {
    "name" : "language",
    "value" : "cpython3"
  }, {
    "name" : "resultFormat",
    "value" : "allure2"
  } ],
  "parameters" : [ ],
  "links" : [ ],
  "hidden" : false,
  "retry" : false,
  "extra" : {
    "severity" : "normal",
    "retries" : [ {
      "uid" : "2a81814b22606032",
      "status" : "failed",
      "statusDetails" : "AssertionError\n",
      "time" : {
        "start" : 1608033740511,
        "stop" : 1608033743469,
        "duration" : 2958
      }
    }, {
      "uid" : "e792cc4c15753ded",
      "status" : "passed",
      "time" : {
        "start" : 1607683650580,
        "stop" : 1607683653129,
        "duration" : 2549
      }
    } ],
    "categories" : [ {
      "name" : "Product defects",
      "matchedStatuses" : [ ],
      "flaky" : false
    } ],
    "tags" : [ "mock.phone", "dialog" ]
  },
  "source" : "33d0cbf7e1cd5575.json",
  "parameterValues" : [ ]
}