{
  "uid" : "e793a19f54bd2c58",
  "name" : "meetings: list the day",
  "fullName" : "features/calendar.feature:meetings: list the day",
  "historyId" : "07847ccb70ec12cc37b798bd96576ce7",
  "time" : {
    "start" : 1608042228800,
    "stop" : 1608042231362,
    "duration" : 2562
  },
  "status" : "failed",
  "statusMessage" : "AssertionError\n",
  "statusTrace" : "  File \"c:\\users\\amol.bhandge\\videos\\api_integration\\cy17-tpace-integration-tests\\env\\lib\\site-packages\\behave\\model.py\", line 1329, in run\n    match.run(runner.context)\n  File \"c:\\users\\amol.bhandge\\videos\\api_integration\\cy17-tpace-integration-tests\\env\\lib\\site-packages\\behave\\matchers.py\", line 98, in run\n    self.func(context, *args, **kwargs)\n  File \"features\\steps\\ncs_steps.py\", line 44, in step_impl\n    assert text.lower() in dialog_text.lower()\n",
  "flaky" : false,
  "newFailed" : false,
  "beforeStages" : [ ],
  "testStage" : {
    "status" : "failed",
    "statusMessage" : "AssertionError\n",
    "statusTrace" : "  File \"c:\\users\\amol.bhandge\\videos\\api_integration\\cy17-tpace-integration-tests\\env\\lib\\site-packages\\behave\\model.py\", line 1329, in run\n    match.run(runner.context)\n  File \"c:\\users\\amol.bhandge\\videos\\api_integration\\cy17-tpace-integration-tests\\env\\lib\\site-packages\\behave\\matchers.py\", line 98, in run\n    self.func(context, *args, **kwargs)\n  File \"features\\steps\\ncs_steps.py\", line 44, in step_impl\n    assert text.lower() in dialog_text.lower()\n",
    "steps" : [ {
      "name" : "When the user asks \" What does my day look like\"",
      "time" : {
        "start" : 1608042228802,
        "stop" : 1608042231324,
        "duration" : 2522
      },
      "status" : "passed",
      "steps" : [ ],
      "attachments" : [ ],
      "parameters" : [ ],
      "hasContent" : false,
      "stepsCount" : 0,
      "shouldDisplayMessage" : false,
      "attachmentsCount" : 0
    }, {
      "name" : "Then detected intent is \"Custom.Calendar_Search\"",
      "time" : {
        "start" : 1608042231325,
        "stop" : 1608042231350,
        "duration" : 25
      },
      "status" : "passed",
      "steps" : [ ],
      "attachments" : [ ],
      "parameters" : [ ],
      "hasContent" : false,
      "stepsCount" : 0,
      "shouldDisplayMessage" : false,
      "attachmentsCount" : 0
    }, {
      "name" : "And dialog text contains \"You have one meeting. at\"",
      "time" : {
        "start" : 1608042231350,
        "stop" : 1608042231361,
        "duration" : 11
      },
      "status" : "failed",
      "statusMessage" : "AssertionError\n",
      "statusTrace" : "  File \"c:\\users\\amol.bhandge\\videos\\api_integration\\cy17-tpace-integration-tests\\env\\lib\\site-packages\\behave\\model.py\", line 1329, in run\n    match.run(runner.context)\n  File \"c:\\users\\amol.bhandge\\videos\\api_integration\\cy17-tpace-integration-tests\\env\\lib\\site-packages\\behave\\matchers.py\", line 98, in run\n    self.func(context, *args, **kwargs)\n  File \"features\\steps\\ncs_steps.py\", line 44, in step_impl\n    assert text.lower() in dialog_text.lower()\n",
      "steps" : [ ],
      "attachments" : [ ],
      "parameters" : [ ],
      "hasContent" : true,
      "stepsCount" : 0,
      "shouldDisplayMessage" : true,
      "attachmentsCount" : 0
    } ],
    "attachments" : [ ],
    "parameters" : [ ],
    "hasContent" : true,
    "stepsCount" : 3,
    "shouldDisplayMessage" : false,
    "attachmentsCount" : 0
  },
  "afterStages" : [ ],
  "labels" : [ {
    "name" : "severity",
    "value" : "normal"
  }, {
    "name" : "tag",
    "value" : "dialog"
  }, {
    "name" : "tag",
    "value" : "mock.phone"
  }, {
    "name" : "feature",
    "value" : "Axxessibility calendar and meetings"
  }, {
    "name" : "framework",
    "value" : "behave"
  }, {
    "name" : "language",
    "value" : "cpython3"
  }, {
    "name" : "resultFormat",
    "value" : "allure2"
  } ],
  "parameters" : [ ],
  "links" : [ ],
  "hidden" : false,
  "retry" : false,
  "extra" : {
    "severity" : "normal",
    "retries" : [ {
      "uid" : "84d9b0fda0a6f3a8",
      "status" : "failed",
      "statusDetails" : "AssertionError\n",
      "time" : {
        "start" : 1607688650511,
        "stop" : 1607688653125,
        "duration" : 2614
      }
    } ],
    "categories" : [ {
      "name" : "Product defects",
      "matchedStatuses" : [ ],
      "flaky" : false
    } ],
    "tags" : [ "mock.phone", "dialog" ]
  },
  "source" : "e793a19f54bd2c58.json",
  "parameterValues" : [ ]
}